app/build/intermediates/manifest_merge_blame_file/debug/manifest-merger-blame-debug-report.txt
1<?xml version="1.0" encoding="utf-8"?>
2<manifest xmlns:android="http://schemas.android.com/apk/res/android"
3    package="com.example.onot"
4    android:versionCode="1"
5    android:versionName="1.0" >
6
7    <uses-sdk
8        android:minSdkVersion="28"
8-->src\main\AndroidManifest.xml
9        android:targetSdkVersion="29" />
9-->src\main\AndroidManifest.xml
10
11    <uses-permission android:name="android.permission.CAMERA" />
11-->src\main\AndroidManifest.xml:5:5-65
11-->src\main\AndroidManifest.xml:5:22-62
12    <uses-permission android:name="android.permission.READ_EXTERNAL_STORAGE" />
12-->src\main\AndroidManifest.xml:6:5-80
12-->src\main\AndroidManifest.xml:6:22-77
13    <uses-permission android:name="android.permission.WRITE_EXTERNAL_STORAGE" />
13-->src\main\AndroidManifest.xml:7:5-81
13-->src\main\AndroidManifest.xml:7:22-78
14    <uses-permission android:name="android.permission.INTERNET" />
14-->src\main\AndroidManifest.xml:8:5-67
14-->src\main\AndroidManifest.xml:8:22-64
15
16    <application
16-->src\main\AndroidManifest.xml:10:5-43:19
17        android:allowBackup="true"
17-->src\main\AndroidManifest.xml:11:9-35
18        android:appComponentFactory="androidx.core.app.CoreComponentFactory"
18-->[androidx.core:core:1.0.1] AndroidManifest.xml:22:18-86
19        android:debuggable="true"
20        android:icon="@mipmap/onot"
20-->src\main\AndroidManifest.xml:12:9-36
21        android:label="@string/app_name"
21-->src\main\AndroidManifest.xml:13:9-41
22        android:roundIcon="@mipmap/ic_launcher_round"
22-->src\main\AndroidManifest.xml:14:9-54
23        android:supportsRtl="true"
23-->src\main\AndroidManifest.xml:15:9-35
24        android:theme="@style/AppTheme"
24-->src\main\AndroidManifest.xml:16:9-40
25        android:usesCleartextTraffic="true" >
25-->src\main\AndroidManifest.xml:17:9-44
26        <activity android:name="com.example.onot.Donation_Sub3Activity" />
26-->src\main\AndroidManifest.xml:18:9-59
26-->src\main\AndroidManifest.xml:18:19-56
27        <activity android:name="com.example.onot.Donation_Sub2Activity" />
27-->src\main\AndroidManifest.xml:19:9-59
27-->src\main\AndroidManifest.xml:19:19-56
28        <activity android:name="com.example.onot.Donation_SubActivity" />
28-->src\main\AndroidManifest.xml:20:9-58
28-->src\main\AndroidManifest.xml:20:19-55
29        <activity android:name="com.example.onot.BuyCheckActivity" />
29-->src\main\AndroidManifest.xml:21:9-54
29-->src\main\AndroidManifest.xml:21:19-51
30        <activity android:name="com.example.onot.SellActivity" />
30-->src\main\AndroidManifest.xml:22:9-50
30-->src\main\AndroidManifest.xml:22:19-47
31        <activity android:name="com.example.onot.Splash2Activity" >
31-->src\main\AndroidManifest.xml:23:9-29:20
31-->src\main\AndroidManifest.xml:23:19-50
32            <intent-filter>
32-->src\main\AndroidManifest.xml:24:13-28:29
33                <action android:name="android.intent.action.MAIN" />
33-->src\main\AndroidManifest.xml:25:17-69
33-->src\main\AndroidManifest.xml:25:25-66
34
35                <category android:name="android.intent.category.LAUNCHER" />
35-->src\main\AndroidManifest.xml:27:17-77
35-->src\main\AndroidManifest.xml:27:27-74
36            </intent-filter>
37        </activity>
38        <activity android:name="com.example.onot.RankActivity" />
38-->src\main\AndroidManifest.xml:30:9-50
38-->src\main\AndroidManifest.xml:30:19-47
39        <activity android:name="com.example.onot.ChangeInfoActivity" />
39-->src\main\AndroidManifest.xml:31:9-56
39-->src\main\AndroidManifest.xml:31:19-53
40        <activity android:name="com.example.onot.ModifyActivity" />
40-->src\main\AndroidManifest.xml:32:9-52
40-->src\main\AndroidManifest.xml:32:19-49
41        <activity android:name="com.example.onot.JoinActivity" />
41-->src\main\AndroidManifest.xml:33:9-50
41-->src\main\AndroidManifest.xml:33:19-47
42        <activity android:name="com.example.onot.joinSubActivity" />
42-->src\main\AndroidManifest.xml:34:9-53
42-->src\main\AndroidManifest.xml:34:19-50
43        <activity android:name="com.example.onot.Write" />
43-->src\main\AndroidManifest.xml:35:9-43
43-->src\main\AndroidManifest.xml:35:19-40
44        <activity android:name="com.example.onot.billActivity" />
44-->src\main\AndroidManifest.xml:36:9-50
44-->src\main\AndroidManifest.xml:36:19-47
45        <activity android:name="com.example.onot.billSubActivity" />
45-->src\main\AndroidManifest.xml:37:9-53
45-->src\main\AndroidManifest.xml:37:19-50
46        <activity android:name="com.example.onot.MyActivity" />
46-->src\main\AndroidManifest.xml:38:9-48
46-->src\main\AndroidManifest.xml:38:19-45
47        <activity android:name="com.example.onot.MainActivity" />
47-->src\main\AndroidManifest.xml:39:9-50
47-->src\main\AndroidManifest.xml:39:19-47
48        <activity android:name="com.example.onot.DonationActivity" />
48-->src\main\AndroidManifest.xml:40:9-54
48-->src\main\AndroidManifest.xml:40:19-51
49        <activity android:name="com.example.onot.LoginActivity" />
49-->src\main\AndroidManifest.xml:41:9-51
49-->src\main\AndroidManifest.xml:41:19-48
50        <activity android:name="com.example.onot.BuyActivity" />
50-->src\main\AndroidManifest.xml:42:9-49
50-->src\main\AndroidManifest.xml:42:19-46
51    </application>
52
53</manifest>